<?xml version="1.0" encoding="UTF-8"?>
<!-- Generated by org.testng.reporters.JUnitXMLReporter -->
<testsuite ignored="0" hostname="Yogesh-MSI" failures="0" tests="3" name="Default test" time="9.937" errors="0" timestamp="2023-01-07T22:29:51 IST">
  <testcase classname="day1.HttpRequests" name="createUser" time="6.888"/>
  <testcase classname="day1.HttpRequests" name="getUser" time="0.864"/>
  <testcase classname="day1.HttpRequests" name="updateUser" time="0.691"/>
</testsuite> <!-- Default test -->
