<?xml version="1.0" encoding="UTF-8"?>
<!-- Generated by org.testng.reporters.JUnitXMLReporter -->
<testsuite hostname="Yogesh-MSI" ignored="3" name="Default test" tests="1" failures="0" timestamp="2023-01-08T21:37:18 IST" time="7.809" errors="0">
  <testcase name="ExternalJSONFile" time="7.678" classname="day1.PayloadDemo"/>
  <testcase name="HashMapPayload" time="0.0" classname="day1.PayloadDemo">
    <ignored/>
  </testcase> <!-- HashMapPayload -->
  <testcase name="JSONPayload" time="0.0" classname="day1.PayloadDemo">
    <ignored/>
  </testcase> <!-- JSONPayload -->
  <testcase name="POJOPayload" time="0.0" classname="day1.PayloadDemo">
    <ignored/>
  </testcase> <!-- POJOPayload -->
</testsuite> <!-- Default test -->
