<?xml version="1.0" encoding="UTF-8"?>
<testng-results ignored="0" total="3" passed="3" failed="0" skipped="0">
  <reporter-output>
  </reporter-output>
  <suite started-at="2023-01-07T22:29:41 IST" name="Default suite" finished-at="2023-01-07T22:29:51 IST" duration-ms="9937">
    <groups>
    </groups>
    <test started-at="2023-01-07T22:29:41 IST" name="Default test" finished-at="2023-01-07T22:29:51 IST" duration-ms="9937">
      <class name="day1.HttpRequests">
        <test-method is-config="true" signature="setup()[pri:0, instance:day1.HttpRequests@78ffe6dc]" started-at="2023-01-07T22:29:41 IST" name="setup" finished-at="2023-01-07T22:29:42 IST" duration-ms="1397" status="PASS">
          <reporter-output>
          </reporter-output>
        </test-method> <!-- setup -->
        <test-method signature="createUser()[pri:1, instance:day1.HttpRequests@78ffe6dc]" started-at="2023-01-07T22:29:42 IST" name="createUser" finished-at="2023-01-07T22:29:49 IST" duration-ms="6888" status="PASS">
          <reporter-output>
          </reporter-output>
        </test-method> <!-- createUser -->
        <test-method signature="getUser()[pri:2, instance:day1.HttpRequests@78ffe6dc]" started-at="2023-01-07T22:29:49 IST" name="getUser" finished-at="2023-01-07T22:29:50 IST" depends-on-methods="day1.HttpRequests.createUser" duration-ms="864" status="PASS">
          <reporter-output>
          </reporter-output>
        </test-method> <!-- getUser -->
        <test-method signature="updateUser()[pri:3, instance:day1.HttpRequests@78ffe6dc]" started-at="2023-01-07T22:29:50 IST" name="updateUser" finished-at="2023-01-07T22:29:51 IST" depends-on-methods="day1.HttpRequests.createUser" duration-ms="691" status="PASS">
          <reporter-output>
          </reporter-output>
        </test-method> <!-- updateUser -->
      </class> <!-- day1.HttpRequests -->
    </test> <!-- Default test -->
  </suite> <!-- Default suite -->
</testng-results>
