<?xml version="1.0" encoding="UTF-8"?>
<testng-results skipped="0" failed="0" ignored="3" total="4" passed="1">
  <reporter-output>
  </reporter-output>
  <suite name="Default suite" duration-ms="7809" started-at="2023-01-08T21:37:10 IST" finished-at="2023-01-08T21:37:18 IST">
    <groups>
    </groups>
    <test name="Default test" duration-ms="7809" started-at="2023-01-08T21:37:10 IST" finished-at="2023-01-08T21:37:18 IST">
      <class name="day1.PayloadDemo">
        <test-method status="PASS" signature="ExternalJSONFile()[pri:0, instance:day1.PayloadDemo@1efed156]" name="ExternalJSONFile" duration-ms="7678" started-at="2023-01-08T21:37:10 IST" finished-at="2023-01-08T21:37:18 IST">
          <reporter-output>
          </reporter-output>
        </test-method> <!-- ExternalJSONFile -->
      </class> <!-- day1.PayloadDemo -->
    </test> <!-- Default test -->
  </suite> <!-- Default suite -->
</testng-results>
